[35m[1mConsolidate compiler generated dependencies of target control[0m
gmake[2]: *** Sem regra para processar o alvo '/usr/local/lib/libwiringPi.so', necess√°rio por 'control'.  Pare.
gmake[1]: *** [CMakeFiles/Makefile2:137: CMakeFiles/control.dir/all] Erro 2
gmake: *** [Makefile:146: all] Erro 2
