-- Found ament_cmake: 1.3.9 (/opt/ros/humble/share/ament_cmake/cmake)
-- Found rclcpp: 16.0.9 (/opt/ros/humble/share/rclcpp/cmake)
-- Found rosidl_generator_c: 3.1.5 (/opt/ros/humble/share/rosidl_generator_c/cmake)
-- Found rosidl_adapter: 3.1.5 (/opt/ros/humble/share/rosidl_adapter/cmake)
-- Found rosidl_generator_cpp: 3.1.5 (/opt/ros/humble/share/rosidl_generator_cpp/cmake)
-- Using all available rosidl_typesupport_c: rosidl_typesupport_fastrtps_c;rosidl_typesupport_introspection_c
-- Using all available rosidl_typesupport_cpp: rosidl_typesupport_fastrtps_cpp;rosidl_typesupport_introspection_cpp
-- Found rmw_implementation_cmake: 6.1.2 (/opt/ros/humble/share/rmw_implementation_cmake/cmake)
-- Found rmw_fastrtps_cpp: 6.2.6 (/opt/ros/humble/share/rmw_fastrtps_cpp/cmake)
-- Using RMW implementation 'rmw_fastrtps_cpp' as default
-- Found vida_interfaces: 0.0.0 (/home/odroid/Documentos/Plataforma-VIDA/Ros/install/vida_interfaces/share/vida_interfaces/cmake)
-- Configuring done
-- Generating done
-- Build files have been written to: /home/odroid/Documentos/Plataforma-VIDA/Ros/build/control_pkg
[35m[1mConsolidate compiler generated dependencies of target control[0m
gmake[2]: *** Sem regra para processar o alvo '/usr/local/lib/libwiringPi.so', necessÃ¡rio por 'control'.  Pare.
gmake[2]: ** Esperando que outros processos terminem.
[ 33%] [32mBuilding CXX object CMakeFiles/control.dir/src/Control/Control.cpp.o[0m
[ 66%] [32mBuilding CXX object CMakeFiles/control.dir/home/odroid/Documentos/Plataforma-VIDA/Threads/src/Utils/Serial/Serial.cpp.o[0m
[01m[K/home/odroid/Documentos/Plataforma-VIDA/Threads/src/Utils/Serial/Serial.cpp:[m[K In constructor â€˜[01m[KSerial::Serial(std::string)[m[Kâ€™:
[01m[K/home/odroid/Documentos/Plataforma-VIDA/Threads/src/Utils/Serial/Serial.cpp:8:24:[m[K [01;31m[Kerror: [m[Kâ€˜[01m[KserialOpen[m[Kâ€™ was not declared in this scope
    8 |     this->serialport = [01;31m[KserialOpen[m[K(port.c_str(), BAUD_RATE);
      |                        [01;31m[K^~~~~~~~~~[m[K
[01m[K/home/odroid/Documentos/Plataforma-VIDA/Threads/src/Utils/Serial/Serial.cpp:[m[K In destructor â€˜[01m[KSerial::~Serial()[m[Kâ€™:
[01m[K/home/odroid/Documentos/Plataforma-VIDA/Threads/src/Utils/Serial/Serial.cpp:13:5:[m[K [01;31m[Kerror: [m[Kâ€˜[01m[KserialClose[m[Kâ€™ was not declared in this scope
   13 |     [01;31m[KserialClose[m[K(serialport);
      |     [01;31m[K^~~~~~~~~~~[m[K
[01m[K/home/odroid/Documentos/Plataforma-VIDA/Threads/src/Utils/Serial/Serial.cpp:[m[K In member function â€˜[01m[Kvoid Serial::write(std::string)[m[Kâ€™:
[01m[K/home/odroid/Documentos/Plataforma-VIDA/Threads/src/Utils/Serial/Serial.cpp:18:5:[m[K [01;31m[Kerror: [m[Kâ€˜[01m[KserialPrintf[m[Kâ€™ was not declared in this scope; did you mean â€˜[01m[Kserialport[m[Kâ€™?
   18 |     [01;31m[KserialPrintf[m[K(serialport, "%s\n", s.c_str());
      |     [01;31m[K^~~~~~~~~~~~[m[K
      |     [32m[Kserialport[m[K
[01m[K/home/odroid/Documentos/Plataforma-VIDA/Threads/src/Utils/Serial/Serial.cpp:[m[K In member function â€˜[01m[Kstd::string Serial::read(char)[m[Kâ€™:
[01m[K/home/odroid/Documentos/Plataforma-VIDA/Threads/src/Utils/Serial/Serial.cpp:31:13:[m[K [01;31m[Kerror: [m[Kâ€˜[01m[KserialDataAvail[m[Kâ€™ was not declared in this scope
   31 |         if ([01;31m[KserialDataAvail[m[K(serialport))
      |             [01;31m[K^~~~~~~~~~~~~~~[m[K
[01m[K/home/odroid/Documentos/Plataforma-VIDA/Threads/src/Utils/Serial/Serial.cpp:33:33:[m[K [01;31m[Kerror: [m[Kâ€˜[01m[KserialGetchar[m[Kâ€™ was not declared in this scope
   33 |             char incomingByte = [01;31m[KserialGetchar[m[K(serialport); // LÃª um byte da porta serial
      |                                 [01;31m[K^~~~~~~~~~~~~[m[K
gmake[2]: *** [CMakeFiles/control.dir/build.make:90: CMakeFiles/control.dir/home/odroid/Documentos/Plataforma-VIDA/Threads/src/Utils/Serial/Serial.cpp.o] Erro 1
In file included from [01m[K/home/odroid/Documentos/Plataforma-VIDA/Ros/src/control_pkg/src/Control/../../../../../Threads/src/Utils/Serial/Serial.h:9[m[K,
                 from [01m[K/home/odroid/Documentos/Plataforma-VIDA/Ros/src/control_pkg/src/Control/Control.h:12[m[K,
                 from [01m[K/home/odroid/Documentos/Plataforma-VIDA/Ros/src/control_pkg/src/Control/Control.cpp:1[m[K:
[01m[K/home/odroid/Documentos/Plataforma-VIDA/Ros/src/control_pkg/src/Control/../../../../../Threads/src/Utils/Serial/../../Utils/road_time.h:16:20:[m[K [01;35m[Kwarning: [m[Kâ€˜[01m[Kroad_time_t road_time()[m[Kâ€™ defined but not used [[01;35m[K]8;;https://gcc.gnu.org/onlinedocs/gcc/Warning-Options.html#index-Wunused-function-Wunused-function]8;;[m[K]
   16 | static road_time_t [01;35m[Kroad_time[m[K(void)      // Function that returns the time (ms) since midnight on 01/01/1970
      |                    [01;35m[K^~~~~~~~~[m[K
gmake[1]: *** [CMakeFiles/Makefile2:137: CMakeFiles/control.dir/all] Erro 2
gmake: *** [Makefile:146: all] Erro 2
